[10:41:46.373] [INFO] storybook v10.2.19
[10:41:47.573] [DEBUG] Getting package.json info for /Users/bmcmillin/Projects/astra/package.json...
[10:41:47.804] [INFO] Starting...
[10:41:47.817] [WARN] No story files found for the specified pattern: src/**/*.mdx
[10:41:47.937] [DEBUG] Starting preview..
[10:41:47.981] [DEBUG] Using tsconfig paths for react-docgen
[10:41:47.998] [ERROR] Failed to build the preview
[10:41:47.999] [ERROR] [38;2;241;97;97mReferenceError: __dirname is not defined[39m
    at Object.viteFinal (file://./.storybook/main.ts:19:29)
    at file://./node_modules/storybook/dist/_node-chunks/chunk-2RKLK4B2.js:10114:36
    at async createViteServer (file://./node_modules/@storybook/builder-vite/dist/index.js:1909:21)
    at async Module.start (file://./node_modules/@storybook/builder-vite/dist/index.js:1934:17)
    at async storybookDevServer (file://./node_modules/storybook/dist/core-server/index.js:7295:83)
    at async buildOrThrow (file://./node_modules/storybook/dist/core-server/index.js:4506:12)
    at async buildDevStandalone (file://./node_modules/storybook/dist/core-server/index.js:7710:41)
    at async withTelemetry (file://./node_modules/storybook/dist/_node-chunks/chunk-FJZ625UU.js:218:12)
    at async dev (file://./node_modules/storybook/dist/bin/core.js:2734:3)
    at async _Command.<anonymous> (file://./node_modules/storybook/dist/bin/core.js:2804:92)
[10:41:48.001] [WARN] Broken build, fix the error above.
You may need to refresh the browser.